<?xml version="1.0" encoding="UTF-8"?>
<!-- Generated by org.testng.reporters.JUnitReportReporter -->
<testsuite skipped="0" hostname="DESKTOP-T9IN324" name="com.quickmove.qa.testcases.Costingpagetest" tests="1" failures="0" timestamp="2020-05-27T00:43:29 IST" time="35.916" errors="0">
  <testcase name="AddCostingprofile" time="35.916" classname="com.quickmove.qa.testcases.Costingpagetest"/>
  <system-out/>
</testsuite> <!-- com.quickmove.qa.testcases.Costingpagetest -->
