<?xml version="1.0" encoding="UTF-8"?>
<!-- Generated by org.testng.reporters.JUnitReportReporter -->
<testsuite skipped="0" hostname="DESKTOP-2PTS3ET" name="com.quickmove.qa.testcases.Addproducttypetest" tests="1" failures="0" timestamp="2020-07-02T00:20:51 IST" time="21.566" errors="0">
  <testcase name="Addproducttype" time="21.566" classname="com.quickmove.qa.testcases.Addproducttypetest"/>
  <system-out/>
</testsuite> <!-- com.quickmove.qa.testcases.Addproducttypetest -->
