<?xml version="1.0" encoding="UTF-8"?>
<!-- Generated by org.testng.reporters.JUnitReportReporter -->
<testsuite skipped="1" hostname="DESKTOP-2PTS3ET" name="com.quickmove.qa.testcases.CostingProfileEditest2" tests="2" failures="0" timestamp="2020-07-26T20:42:32 IST" time="24.385" errors="0">
  <testcase name="setup" time="24.385" classname="com.quickmove.qa.testcases.CostingProfileEditest2"/>
  <system-out/>
  <testcase name="EditCostingprofile" time="0.000" classname="com.quickmove.qa.testcases.CostingProfileEditest2">
    <skipped/>
  </testcase> <!-- EditCostingprofile -->
  <system-out/>
</testsuite> <!-- com.quickmove.qa.testcases.CostingProfileEditest2 -->
