<?xml version="1.0" encoding="UTF-8"?>
<!-- Generated by org.testng.reporters.JUnitReportReporter -->
<testsuite skipped="0" hostname="DESKTOP-T9IN324" name="com.quickmove.qa.testcases.VerifyJobOrderPagetest" tests="1" failures="0" timestamp="2020-05-15T00:42:29 IST" time="45.762" errors="0">
  <testcase name="JobOrdercreation" time="45.762" classname="com.quickmove.qa.testcases.VerifyJobOrderPagetest"/>
  <system-out/>
</testsuite> <!-- com.quickmove.qa.testcases.VerifyJobOrderPagetest -->
