<?xml version="1.0" encoding="UTF-8"?>
<!-- Generated by org.testng.reporters.JUnitReportReporter -->
<testsuite skipped="0" hostname="DESKTOP-T9IN324" name="com.quickmove.qa.testcases.VerifyQuotePagetest" tests="1" failures="0" timestamp="2020-05-14T19:45:44 IST" time="32.336" errors="0">
  <testcase name="costcreation" time="32.336" classname="com.quickmove.qa.testcases.VerifyQuotePagetest"/>
  <system-out/>
</testsuite> <!-- com.quickmove.qa.testcases.VerifyQuotePagetest -->
