<?xml version="1.0" encoding="UTF-8"?>
<!-- Generated by org.testng.reporters.JUnitReportReporter -->
<testsuite skipped="1" hostname="DESKTOP-2PTS3ET" name="com.quickmove.qa.testcases.Procurment_vendor" tests="1" failures="0" timestamp="2020-09-02T17:13:52 IST" time="0.000" errors="0">
  <testcase name="Addvendor" time="0.000" classname="com.quickmove.qa.testcases.Procurment_vendor">
    <skipped/>
  </testcase> <!-- Addvendor -->
  <system-out/>
</testsuite> <!-- com.quickmove.qa.testcases.Procurment_vendor -->
