<?xml version="1.0" encoding="UTF-8"?>
<!-- Generated by org.testng.reporters.JUnitReportReporter -->
<testsuite skipped="4" hostname="DESKTOP-HTSMLT5" name="com.quickmove.qa.testcases.AccountConfigurationPageTest" tests="4" failures="0" timestamp="2020-05-08T22:37:47 IST" time="0.000" errors="0">
  <testcase name="VerifyAccountconfigurationAsset" time="0.000" classname="com.quickmove.qa.testcases.AccountConfigurationPageTest">
    <skipped/>
  </testcase> <!-- VerifyAccountconfigurationAsset -->
  <testcase name="VerifyAccountconfigurationIncome" time="0.000" classname="com.quickmove.qa.testcases.AccountConfigurationPageTest">
    <skipped/>
  </testcase> <!-- VerifyAccountconfigurationIncome -->
  <testcase name="VerifyAccountconfigurationExpense" time="0.000" classname="com.quickmove.qa.testcases.AccountConfigurationPageTest">
    <skipped/>
  </testcase> <!-- VerifyAccountconfigurationExpense -->
  <testcase name="VerifyAccountconfigurationLIability" time="0.000" classname="com.quickmove.qa.testcases.AccountConfigurationPageTest">
    <skipped/>
  </testcase> <!-- VerifyAccountconfigurationLIability -->
</testsuite> <!-- com.quickmove.qa.testcases.AccountConfigurationPageTest -->
