<?xml version="1.0" encoding="UTF-8"?>
<!-- Generated by org.testng.reporters.JUnitReportReporter -->
<testsuite skipped="0" hostname="DESKTOP-T9IN324" name="com.quickmove.qa.testcases.VerifyCostingPagetest" tests="1" failures="0" timestamp="2020-05-14T19:32:39 IST" time="32.481" errors="0">
  <testcase name="costcreation" time="32.481" classname="com.quickmove.qa.testcases.VerifyCostingPagetest"/>
  <system-out/>
</testsuite> <!-- com.quickmove.qa.testcases.VerifyCostingPagetest -->
