<?xml version="1.0" encoding="UTF-8"?>
<!-- Generated by org.testng.reporters.JUnitReportReporter -->
<testsuite skipped="0" hostname="DESKTOP-T9IN324" name="com.quickmove.qa.testcases.AddRoleTest" tests="1" failures="0" timestamp="2020-05-25T23:47:42 IST" time="28.699" errors="0">
  <testcase name="AddrolesTest" time="28.699" classname="com.quickmove.qa.testcases.AddRoleTest"/>
  <system-out/>
</testsuite> <!-- com.quickmove.qa.testcases.AddRoleTest -->
