<?xml version="1.0" encoding="UTF-8"?>
<!-- Generated by org.testng.reporters.JUnitReportReporter -->
<testsuite skipped="0" hostname="DESKTOP-2PTS3ET" name="com.quickmove.qa.testcases.PackingMaterialAdd" tests="5" failures="0" timestamp="2020-07-18T02:59:17 IST" time="31.040" errors="0">
  <testcase name="setup" time="17.229" classname="com.quickmove.qa.testcases.PackingMaterialAdd"/>
  <system-out/>
  <testcase name="PackingMaterial" time="3.646" classname="com.quickmove.qa.testcases.PackingMaterialAdd"/>
  <system-out/>
  <testcase name="PackingMaterial" time="3.494" classname="com.quickmove.qa.testcases.PackingMaterialAdd"/>
  <system-out/>
  <testcase name="PackingMaterial" time="3.577" classname="com.quickmove.qa.testcases.PackingMaterialAdd"/>
  <system-out/>
  <testcase name="PackingMaterial" time="3.094" classname="com.quickmove.qa.testcases.PackingMaterialAdd"/>
  <system-out/>
</testsuite> <!-- com.quickmove.qa.testcases.PackingMaterialAdd -->
