<?xml version="1.0" encoding="UTF-8"?>
<!-- Generated by org.testng.reporters.JUnitReportReporter -->
<testsuite skipped="0" hostname="DESKTOP-2PTS3ET" name="com.quickmove.qa.testcases.addcity" tests="60" failures="0" timestamp="2020-07-29T20:19:15 IST" time="711.675" errors="0">
  <testcase name="setup" time="16.731" classname="com.quickmove.qa.testcases.addcity"/>
  <system-out/>
  <testcase name="validateaddarticle" time="12.324" classname="com.quickmove.qa.testcases.addcity"/>
  <system-out/>
  <testcase name="validateaddarticle" time="11.907" classname="com.quickmove.qa.testcases.addcity"/>
  <system-out/>
  <testcase name="validateaddarticle" time="12.019" classname="com.quickmove.qa.testcases.addcity"/>
  <system-out/>
  <testcase name="validateaddarticle" time="11.581" classname="com.quickmove.qa.testcases.addcity"/>
  <system-out/>
  <testcase name="validateaddarticle" time="11.712" classname="com.quickmove.qa.testcases.addcity"/>
  <system-out/>
  <testcase name="validateaddarticle" time="11.614" classname="com.quickmove.qa.testcases.addcity"/>
  <system-out/>
  <testcase name="validateaddarticle" time="11.717" classname="com.quickmove.qa.testcases.addcity"/>
  <system-out/>
  <testcase name="validateaddarticle" time="11.879" classname="com.quickmove.qa.testcases.addcity"/>
  <system-out/>
  <testcase name="validateaddarticle" time="11.584" classname="com.quickmove.qa.testcases.addcity"/>
  <system-out/>
  <testcase name="validateaddarticle" time="11.640" classname="com.quickmove.qa.testcases.addcity"/>
  <system-out/>
  <testcase name="validateaddarticle" time="11.833" classname="com.quickmove.qa.testcases.addcity"/>
  <system-out/>
  <testcase name="validateaddarticle" time="11.894" classname="com.quickmove.qa.testcases.addcity"/>
  <system-out/>
  <testcase name="validateaddarticle" time="11.654" classname="com.quickmove.qa.testcases.addcity"/>
  <system-out/>
  <testcase name="validateaddarticle" time="11.518" classname="com.quickmove.qa.testcases.addcity"/>
  <system-out/>
  <testcase name="validateaddarticle" time="11.728" classname="com.quickmove.qa.testcases.addcity"/>
  <system-out/>
  <testcase name="validateaddarticle" time="11.970" classname="com.quickmove.qa.testcases.addcity"/>
  <system-out/>
  <testcase name="validateaddarticle" time="11.695" classname="com.quickmove.qa.testcases.addcity"/>
  <system-out/>
  <testcase name="validateaddarticle" time="11.684" classname="com.quickmove.qa.testcases.addcity"/>
  <system-out/>
  <testcase name="validateaddarticle" time="11.561" classname="com.quickmove.qa.testcases.addcity"/>
  <system-out/>
  <testcase name="validateaddarticle" time="11.880" classname="com.quickmove.qa.testcases.addcity"/>
  <system-out/>
  <testcase name="validateaddarticle" time="11.680" classname="com.quickmove.qa.testcases.addcity"/>
  <system-out/>
  <testcase name="validateaddarticle" time="12.098" classname="com.quickmove.qa.testcases.addcity"/>
  <system-out/>
  <testcase name="validateaddarticle" time="11.315" classname="com.quickmove.qa.testcases.addcity"/>
  <system-out/>
  <testcase name="validateaddarticle" time="11.697" classname="com.quickmove.qa.testcases.addcity"/>
  <system-out/>
  <testcase name="validateaddarticle" time="11.511" classname="com.quickmove.qa.testcases.addcity"/>
  <system-out/>
  <testcase name="validateaddarticle" time="11.608" classname="com.quickmove.qa.testcases.addcity"/>
  <system-out/>
  <testcase name="validateaddarticle" time="11.318" classname="com.quickmove.qa.testcases.addcity"/>
  <system-out/>
  <testcase name="validateaddarticle" time="11.746" classname="com.quickmove.qa.testcases.addcity"/>
  <system-out/>
  <testcase name="validateaddarticle" time="11.546" classname="com.quickmove.qa.testcases.addcity"/>
  <system-out/>
  <testcase name="validateaddarticle" time="12.306" classname="com.quickmove.qa.testcases.addcity"/>
  <system-out/>
  <testcase name="validateaddarticle" time="11.517" classname="com.quickmove.qa.testcases.addcity"/>
  <system-out/>
  <testcase name="validateaddarticle" time="11.528" classname="com.quickmove.qa.testcases.addcity"/>
  <system-out/>
  <testcase name="validateaddarticle" time="11.494" classname="com.quickmove.qa.testcases.addcity"/>
  <system-out/>
  <testcase name="validateaddarticle" time="12.162" classname="com.quickmove.qa.testcases.addcity"/>
  <system-out/>
  <testcase name="validateaddarticle" time="12.243" classname="com.quickmove.qa.testcases.addcity"/>
  <system-out/>
  <testcase name="validateaddarticle" time="11.914" classname="com.quickmove.qa.testcases.addcity"/>
  <system-out/>
  <testcase name="validateaddarticle" time="11.757" classname="com.quickmove.qa.testcases.addcity"/>
  <system-out/>
  <testcase name="validateaddarticle" time="11.694" classname="com.quickmove.qa.testcases.addcity"/>
  <system-out/>
  <testcase name="validateaddarticle" time="11.609" classname="com.quickmove.qa.testcases.addcity"/>
  <system-out/>
  <testcase name="validateaddarticle" time="11.724" classname="com.quickmove.qa.testcases.addcity"/>
  <system-out/>
  <testcase name="validateaddarticle" time="11.598" classname="com.quickmove.qa.testcases.addcity"/>
  <system-out/>
  <testcase name="validateaddarticle" time="11.821" classname="com.quickmove.qa.testcases.addcity"/>
  <system-out/>
  <testcase name="validateaddarticle" time="11.648" classname="com.quickmove.qa.testcases.addcity"/>
  <system-out/>
  <testcase name="validateaddarticle" time="12.208" classname="com.quickmove.qa.testcases.addcity"/>
  <system-out/>
  <testcase name="validateaddarticle" time="12.087" classname="com.quickmove.qa.testcases.addcity"/>
  <system-out/>
  <testcase name="validateaddarticle" time="11.483" classname="com.quickmove.qa.testcases.addcity"/>
  <system-out/>
  <testcase name="validateaddarticle" time="11.586" classname="com.quickmove.qa.testcases.addcity"/>
  <system-out/>
  <testcase name="validateaddarticle" time="11.952" classname="com.quickmove.qa.testcases.addcity"/>
  <system-out/>
  <testcase name="validateaddarticle" time="11.868" classname="com.quickmove.qa.testcases.addcity"/>
  <system-out/>
  <testcase name="validateaddarticle" time="11.723" classname="com.quickmove.qa.testcases.addcity"/>
  <system-out/>
  <testcase name="validateaddarticle" time="11.949" classname="com.quickmove.qa.testcases.addcity"/>
  <system-out/>
  <testcase name="validateaddarticle" time="12.287" classname="com.quickmove.qa.testcases.addcity"/>
  <system-out/>
  <testcase name="validateaddarticle" time="11.912" classname="com.quickmove.qa.testcases.addcity"/>
  <system-out/>
  <testcase name="validateaddarticle" time="11.720" classname="com.quickmove.qa.testcases.addcity"/>
  <system-out/>
  <testcase name="validateaddarticle" time="12.530" classname="com.quickmove.qa.testcases.addcity"/>
  <system-out/>
  <testcase name="validateaddarticle" time="11.654" classname="com.quickmove.qa.testcases.addcity"/>
  <system-out/>
  <testcase name="validateaddarticle" time="11.596" classname="com.quickmove.qa.testcases.addcity"/>
  <system-out/>
  <testcase name="validateaddarticle" time="11.711" classname="com.quickmove.qa.testcases.addcity"/>
  <system-out/>
  <testcase name="validateaddarticle" time="11.750" classname="com.quickmove.qa.testcases.addcity"/>
  <system-out/>
</testsuite> <!-- com.quickmove.qa.testcases.addcity -->
