<?xml version="1.0" encoding="UTF-8"?>
<!-- Generated by org.testng.reporters.JUnitReportReporter -->
<testsuite skipped="0" hostname="DESKTOP-T9IN324" name="com.quickmove.qa.testcases.VarifyaccountingtypeaddTest" tests="31" failures="0" timestamp="2020-05-14T11:37:57 IST" time="505.304" errors="0">
  <testcase name="VerifyAccountconfigurationExpense" time="15.572" classname="com.quickmove.qa.testcases.VarifyaccountingtypeaddTest"/>
  <system-out/>
  <testcase name="VerifyAccountconfigurationExpense" time="17.599" classname="com.quickmove.qa.testcases.VarifyaccountingtypeaddTest"/>
  <system-out/>
  <testcase name="VerifyAccountconfigurationExpense" time="15.008" classname="com.quickmove.qa.testcases.VarifyaccountingtypeaddTest"/>
  <system-out/>
  <testcase name="VerifyAccountconfigurationExpense" time="16.153" classname="com.quickmove.qa.testcases.VarifyaccountingtypeaddTest"/>
  <system-out/>
  <testcase name="VerifyAccountconfigurationExpense" time="16.267" classname="com.quickmove.qa.testcases.VarifyaccountingtypeaddTest"/>
  <system-out/>
  <testcase name="VerifyAccountconfigurationExpense" time="16.240" classname="com.quickmove.qa.testcases.VarifyaccountingtypeaddTest"/>
  <system-out/>
  <testcase name="VerifyAccountconfigurationExpense" time="16.531" classname="com.quickmove.qa.testcases.VarifyaccountingtypeaddTest"/>
  <system-out/>
  <testcase name="VerifyAccountconfigurationExpense" time="15.735" classname="com.quickmove.qa.testcases.VarifyaccountingtypeaddTest"/>
  <system-out/>
  <testcase name="VerifyAccountconfigurationExpense" time="16.100" classname="com.quickmove.qa.testcases.VarifyaccountingtypeaddTest"/>
  <system-out/>
  <testcase name="VerifyAccountconfigurationExpense" time="17.113" classname="com.quickmove.qa.testcases.VarifyaccountingtypeaddTest"/>
  <system-out/>
  <testcase name="VerifyAccountconfigurationExpense" time="16.680" classname="com.quickmove.qa.testcases.VarifyaccountingtypeaddTest"/>
  <system-out/>
  <testcase name="VerifyAccountconfigurationExpense" time="15.713" classname="com.quickmove.qa.testcases.VarifyaccountingtypeaddTest"/>
  <system-out/>
  <testcase name="VerifyAccountconfigurationExpense" time="16.885" classname="com.quickmove.qa.testcases.VarifyaccountingtypeaddTest"/>
  <system-out/>
  <testcase name="VerifyAccountconfigurationExpense" time="18.458" classname="com.quickmove.qa.testcases.VarifyaccountingtypeaddTest"/>
  <system-out/>
  <testcase name="VerifyAccountconfigurationExpense" time="15.460" classname="com.quickmove.qa.testcases.VarifyaccountingtypeaddTest"/>
  <system-out/>
  <testcase name="VerifyAccountconfigurationExpense" time="16.269" classname="com.quickmove.qa.testcases.VarifyaccountingtypeaddTest"/>
  <system-out/>
  <testcase name="VerifyAccountconfigurationExpense" time="15.538" classname="com.quickmove.qa.testcases.VarifyaccountingtypeaddTest"/>
  <system-out/>
  <testcase name="VerifyAccountconfigurationExpense" time="16.491" classname="com.quickmove.qa.testcases.VarifyaccountingtypeaddTest"/>
  <system-out/>
  <testcase name="VerifyAccountconfigurationExpense" time="15.749" classname="com.quickmove.qa.testcases.VarifyaccountingtypeaddTest"/>
  <system-out/>
  <testcase name="VerifyAccountconfigurationExpense" time="16.000" classname="com.quickmove.qa.testcases.VarifyaccountingtypeaddTest"/>
  <system-out/>
  <testcase name="VerifyAccountconfigurationExpense" time="15.538" classname="com.quickmove.qa.testcases.VarifyaccountingtypeaddTest"/>
  <system-out/>
  <testcase name="VerifyAccountconfigurationExpense" time="16.101" classname="com.quickmove.qa.testcases.VarifyaccountingtypeaddTest"/>
  <system-out/>
  <testcase name="VerifyAccountconfigurationExpense" time="17.054" classname="com.quickmove.qa.testcases.VarifyaccountingtypeaddTest"/>
  <system-out/>
  <testcase name="VerifyAccountconfigurationExpense" time="17.077" classname="com.quickmove.qa.testcases.VarifyaccountingtypeaddTest"/>
  <system-out/>
  <testcase name="VerifyAccountconfigurationExpense" time="15.830" classname="com.quickmove.qa.testcases.VarifyaccountingtypeaddTest"/>
  <system-out/>
  <testcase name="VerifyAccountconfigurationExpense" time="16.315" classname="com.quickmove.qa.testcases.VarifyaccountingtypeaddTest"/>
  <system-out/>
  <testcase name="VerifyAccountconfigurationExpense" time="16.126" classname="com.quickmove.qa.testcases.VarifyaccountingtypeaddTest"/>
  <system-out/>
  <testcase name="VerifyAccountconfigurationExpense" time="16.391" classname="com.quickmove.qa.testcases.VarifyaccountingtypeaddTest"/>
  <system-out/>
  <testcase name="VerifyAccountconfigurationExpense" time="17.298" classname="com.quickmove.qa.testcases.VarifyaccountingtypeaddTest"/>
  <system-out/>
  <testcase name="VerifyAccountconfigurationExpense" time="16.300" classname="com.quickmove.qa.testcases.VarifyaccountingtypeaddTest"/>
  <system-out/>
  <testcase name="VerifyAccountconfigurationExpense" time="15.713" classname="com.quickmove.qa.testcases.VarifyaccountingtypeaddTest"/>
  <system-out/>
</testsuite> <!-- com.quickmove.qa.testcases.VarifyaccountingtypeaddTest -->
