<?xml version="1.0" encoding="UTF-8"?>
<!-- Generated by org.testng.reporters.JUnitReportReporter -->
<testsuite skipped="0" hostname="DESKTOP-2PTS3ET" name="com.quickmove.qa.testcases.Costingpagetest" tests="4" failures="0" timestamp="2020-07-18T01:50:20 IST" time="246.236" errors="0">
  <testcase name="AddCostingprofile" time="61.490" classname="com.quickmove.qa.testcases.Costingpagetest"/>
  <system-out/>
  <testcase name="AddCostingprofile" time="59.897" classname="com.quickmove.qa.testcases.Costingpagetest"/>
  <system-out/>
  <testcase name="AddCostingprofile" time="61.289" classname="com.quickmove.qa.testcases.Costingpagetest"/>
  <system-out/>
  <testcase name="AddCostingprofile" time="63.560" classname="com.quickmove.qa.testcases.Costingpagetest"/>
  <system-out/>
</testsuite> <!-- com.quickmove.qa.testcases.Costingpagetest -->
