<?xml version="1.0" encoding="UTF-8"?>
<!-- Generated by org.testng.reporters.JUnitReportReporter -->
<testsuite skipped="0" hostname="DESKTOP-HTSMLT5" name="com.quickmove.qa.testcases.Articlesettingpagetest" tests="1" failures="0" timestamp="2020-05-10T11:48:36 IST" time="17.418" errors="0">
  <testcase name="validateaddarticle" time="17.418" classname="com.quickmove.qa.testcases.Articlesettingpagetest"/>
</testsuite> <!-- com.quickmove.qa.testcases.Articlesettingpagetest -->
