<?xml version="1.0" encoding="UTF-8"?>
<!-- Generated by org.testng.reporters.JUnitReportReporter -->
<testsuite skipped="0" hostname="DESKTOP-2PTS3ET" name="com.quickmove.qa.testcases.AddDesignationtest" tests="1" failures="0" timestamp="2020-07-02T00:40:59 IST" time="25.638" errors="0">
  <testcase name="AddrolesTest" time="25.638" classname="com.quickmove.qa.testcases.AddDesignationtest"/>
  <system-out/>
</testsuite> <!-- com.quickmove.qa.testcases.AddDesignationtest -->
