<?xml version="1.0" encoding="UTF-8"?>
<!-- Generated by org.testng.reporters.JUnitReportReporter -->
<testsuite skipped="3" hostname="DESKTOP-2PTS3ET" name="com.quickmove.qa.testcases.AddBranch" tests="3" failures="0" timestamp="2020-08-25T18:33:57 IST" time="0.000" errors="0">
  <testcase name="Global" time="0.000" classname="com.quickmove.qa.testcases.AddBranch">
    <skipped/>
  </testcase> <!-- Global -->
  <system-out/>
  <testcase name="Subsidiary" time="0.000" classname="com.quickmove.qa.testcases.AddBranch">
    <skipped/>
  </testcase> <!-- Subsidiary -->
  <system-out/>
  <testcase name="Headoffice" time="0.000" classname="com.quickmove.qa.testcases.AddBranch">
    <skipped/>
  </testcase> <!-- Headoffice -->
  <system-out/>
</testsuite> <!-- com.quickmove.qa.testcases.AddBranch -->
