<?xml version="1.0" encoding="UTF-8"?>
<!-- Generated by org.testng.reporters.JUnitReportReporter -->
<testsuite skipped="0" hostname="DESKTOP-2PTS3ET" name="com.quickmove.qa.testcases.HRPageTest" tests="1" failures="0" timestamp="2020-07-02T03:15:33 IST" time="48.062" errors="0">
  <testcase name="AddEmployee" time="48.062" classname="com.quickmove.qa.testcases.HRPageTest"/>
  <system-out/>
</testsuite> <!-- com.quickmove.qa.testcases.HRPageTest -->
