<?xml version="1.0" encoding="UTF-8"?>
<!-- Generated by org.testng.reporters.JUnitReportReporter -->
<testsuite skipped="33" hostname="DESKTOP-2PTS3ET" name="com.quickmove.qa.testcases.MasterPrefixTest" tests="74" failures="0" timestamp="2020-10-08T13:53:03 IST" time="840.378" errors="1">
  <testcase name="setup" time="49.536" classname="com.quickmove.qa.testcases.MasterPrefixTest">
    <error type="org.openqa.selenium.NoSuchElementException" message="no such element: Unable to locate element: {&quot;method&quot;:&quot;xpath&quot;,&quot;selector&quot;:&quot;//span[contains(text(),&#039;Master Prefix&#039;)]&quot;}
  (Session info: chrome=83.0.4103.61)
For documentation on this error, please visit: https://www.seleniumhq.org/exceptions/no_such_element.html
Build info: version: &#039;3.141.59&#039;, revision: &#039;e82be7d358&#039;, time: &#039;2018-11-14T08:17:03&#039;
System info: host: &#039;DESKTOP-2PTS3ET&#039;, ip: &#039;192.168.0.62&#039;, os.name: &#039;Windows 10&#039;, os.arch: &#039;amd64&#039;, os.version: &#039;10.0&#039;, java.version: &#039;1.8.0_251&#039;
Driver info: org.openqa.selenium.chrome.ChromeDriver
Capabilities {acceptInsecureCerts: false, browserName: chrome, browserVersion: 83.0.4103.61, chrome: {chromedriverVersion: 83.0.4103.39 (ccbf011cb2d2b..., userDataDir: C:\Users\MYPC\AppData\Local...}, goog:chromeOptions: {debuggerAddress: localhost:57463}, javascriptEnabled: true, networkConnectionEnabled: false, pageLoadStrategy: normal, platform: WINDOWS, platformName: WINDOWS, proxy: Proxy(), setWindowRect: true, strictFileInteractability: false, timeouts: {implicit: 0, pageLoad: 300000, script: 30000}, unhandledPromptBehavior: dismiss and notify, webauthn:virtualAuthenticators: true}
Session ID: db6bbcea20ba1e4631f0e7aa8f4602dd
*** Element info: {Using=xpath, value=//span[contains(text(),&#039;Master Prefix&#039;)]}">
      <![CDATA[org.openqa.selenium.NoSuchElementException: no such element: Unable to locate element: {"method":"xpath","selector":"//span[contains(text(),'Master Prefix')]"}
  (Session info: chrome=83.0.4103.61)
For documentation on this error, please visit: https://www.seleniumhq.org/exceptions/no_such_element.html
Build info: version: '3.141.59', revision: 'e82be7d358', time: '2018-11-14T08:17:03'
System info: host: 'DESKTOP-2PTS3ET', ip: '192.168.0.62', os.name: 'Windows 10', os.arch: 'amd64', os.version: '10.0', java.version: '1.8.0_251'
Driver info: org.openqa.selenium.chrome.ChromeDriver
Capabilities {acceptInsecureCerts: false, browserName: chrome, browserVersion: 83.0.4103.61, chrome: {chromedriverVersion: 83.0.4103.39 (ccbf011cb2d2b..., userDataDir: C:\Users\MYPC\AppData\Local...}, goog:chromeOptions: {debuggerAddress: localhost:57463}, javascriptEnabled: true, networkConnectionEnabled: false, pageLoadStrategy: normal, platform: WINDOWS, platformName: WINDOWS, proxy: Proxy(), setWindowRect: true, strictFileInteractability: false, timeouts: {implicit: 0, pageLoad: 300000, script: 30000}, unhandledPromptBehavior: dismiss and notify, webauthn:virtualAuthenticators: true}
Session ID: db6bbcea20ba1e4631f0e7aa8f4602dd
*** Element info: {Using=xpath, value=//span[contains(text(),'Master Prefix')]}
at sun.reflect.NativeConstructorAccessorImpl.newInstance0(Native Method)
at sun.reflect.NativeConstructorAccessorImpl.newInstance(NativeConstructorAccessorImpl.java:62)
at sun.reflect.DelegatingConstructorAccessorImpl.newInstance(DelegatingConstructorAccessorImpl.java:45)
at java.lang.reflect.Constructor.newInstance(Constructor.java:423)
at org.openqa.selenium.remote.http.W3CHttpResponseCodec.createException(W3CHttpResponseCodec.java:187)
at org.openqa.selenium.remote.http.W3CHttpResponseCodec.decode(W3CHttpResponseCodec.java:122)
at org.openqa.selenium.remote.http.W3CHttpResponseCodec.decode(W3CHttpResponseCodec.java:49)
at org.openqa.selenium.remote.HttpCommandExecutor.execute(HttpCommandExecutor.java:158)
at org.openqa.selenium.remote.service.DriverCommandExecutor.execute(DriverCommandExecutor.java:83)
at org.openqa.selenium.remote.RemoteWebDriver.execute(RemoteWebDriver.java:552)
at org.openqa.selenium.remote.RemoteWebDriver.findElement(RemoteWebDriver.java:323)
at org.openqa.selenium.remote.RemoteWebDriver.findElementByXPath(RemoteWebDriver.java:428)
at org.openqa.selenium.By$ByXPath.findElement(By.java:353)
at org.openqa.selenium.remote.RemoteWebDriver.findElement(RemoteWebDriver.java:315)
at org.openqa.selenium.support.pagefactory.DefaultElementLocator.findElement(DefaultElementLocator.java:69)
at org.openqa.selenium.support.pagefactory.internal.LocatingElementHandler.invoke(LocatingElementHandler.java:38)
at com.sun.proxy.$Proxy10.click(Unknown Source)
at com.quickmove.qa.pages.SettingPage.verifyMasterPrefixlink(SettingPage.java:74)
at com.quickmove.qa.testcases.MasterPrefixTest.setup(MasterPrefixTest.java:41)
at sun.reflect.GeneratedMethodAccessor3.invoke(Unknown Source)
at sun.reflect.DelegatingMethodAccessorImpl.invoke(DelegatingMethodAccessorImpl.java:43)
at java.lang.reflect.Method.invoke(Method.java:498)
at org.testng.internal.MethodInvocationHelper.invokeMethod(MethodInvocationHelper.java:135)
at org.testng.internal.MethodInvocationHelper.invokeMethodConsideringTimeout(MethodInvocationHelper.java:64)
at org.testng.internal.ConfigInvoker.invokeConfigurationMethod(ConfigInvoker.java:364)
at org.testng.internal.ConfigInvoker.invokeConfigurations(ConfigInvoker.java:318)
at org.testng.internal.TestInvoker.runConfigMethods(TestInvoker.java:700)
at org.testng.internal.TestInvoker.invokeMethod(TestInvoker.java:527)
at org.testng.internal.TestInvoker.invokeTestMethod(TestInvoker.java:174)
at org.testng.internal.MethodRunner.runInSequence(MethodRunner.java:46)
at org.testng.internal.TestInvoker$MethodInvocationAgent.invoke(TestInvoker.java:821)
at org.testng.internal.TestInvoker.invokeTestMethods(TestInvoker.java:147)
at org.testng.internal.TestMethodWorker.invokeTestMethods(TestMethodWorker.java:146)
at org.testng.internal.TestMethodWorker.run(TestMethodWorker.java:128)
at java.util.ArrayList.forEach(ArrayList.java:1257)
at org.testng.TestRunner.privateRun(TestRunner.java:767)
at org.testng.TestRunner.run(TestRunner.java:588)
at org.testng.SuiteRunner.runTest(SuiteRunner.java:384)
at org.testng.SuiteRunner.runSequentially(SuiteRunner.java:378)
at org.testng.SuiteRunner.privateRun(SuiteRunner.java:337)
at org.testng.SuiteRunner.run(SuiteRunner.java:286)
at org.testng.SuiteRunnerWorker.runSuite(SuiteRunnerWorker.java:53)
at org.testng.SuiteRunnerWorker.run(SuiteRunnerWorker.java:96)
at org.testng.TestNG.runSuitesSequentially(TestNG.java:1214)
at org.testng.TestNG.runSuitesLocally(TestNG.java:1136)
at org.testng.TestNG.runSuites(TestNG.java:1066)
at org.testng.TestNG.run(TestNG.java:1034)
at org.testng.remote.AbstractRemoteTestNG.run(AbstractRemoteTestNG.java:115)
at org.testng.remote.RemoteTestNG.initAndRun(RemoteTestNG.java:251)
at org.testng.remote.RemoteTestNG.main(RemoteTestNG.java:77)
]]>
    </error>
  </testcase> <!-- setup -->
  <system-out/>
  <testcase name="varifymasterprefix" time="17.258" classname="com.quickmove.qa.testcases.MasterPrefixTest">
    <skipped/>
  </testcase> <!-- varifymasterprefix -->
  <system-out/>
  <testcase name="varifymasterprefix" time="18.823" classname="com.quickmove.qa.testcases.MasterPrefixTest"/>
  <system-out/>
  <testcase name="varifymasterprefix" time="19.645" classname="com.quickmove.qa.testcases.MasterPrefixTest"/>
  <system-out/>
  <testcase name="varifymasterprefix" time="19.271" classname="com.quickmove.qa.testcases.MasterPrefixTest"/>
  <system-out/>
  <testcase name="varifymasterprefix" time="15.775" classname="com.quickmove.qa.testcases.MasterPrefixTest">
    <skipped/>
  </testcase> <!-- varifymasterprefix -->
  <system-out/>
  <testcase name="varifymasterprefix" time="19.532" classname="com.quickmove.qa.testcases.MasterPrefixTest"/>
  <system-out/>
  <testcase name="varifymasterprefix" time="16.174" classname="com.quickmove.qa.testcases.MasterPrefixTest">
    <skipped/>
  </testcase> <!-- varifymasterprefix -->
  <system-out/>
  <testcase name="varifymasterprefix" time="15.408" classname="com.quickmove.qa.testcases.MasterPrefixTest">
    <skipped/>
  </testcase> <!-- varifymasterprefix -->
  <system-out/>
  <testcase name="varifymasterprefix" time="20.385" classname="com.quickmove.qa.testcases.MasterPrefixTest"/>
  <system-out/>
  <testcase name="varifymasterprefix" time="16.345" classname="com.quickmove.qa.testcases.MasterPrefixTest">
    <skipped/>
  </testcase> <!-- varifymasterprefix -->
  <system-out/>
  <testcase name="varifymasterprefix" time="19.064" classname="com.quickmove.qa.testcases.MasterPrefixTest"/>
  <system-out/>
  <testcase name="varifymasterprefix" time="20.122" classname="com.quickmove.qa.testcases.MasterPrefixTest"/>
  <system-out/>
  <testcase name="varifymasterprefix" time="16.268" classname="com.quickmove.qa.testcases.MasterPrefixTest">
    <skipped/>
  </testcase> <!-- varifymasterprefix -->
  <system-out/>
  <testcase name="varifymasterprefix" time="17.438" classname="com.quickmove.qa.testcases.MasterPrefixTest">
    <skipped/>
  </testcase> <!-- varifymasterprefix -->
  <system-out/>
  <testcase name="varifymasterprefix" time="20.337" classname="com.quickmove.qa.testcases.MasterPrefixTest"/>
  <system-out/>
  <testcase name="varifymasterprefix" time="18.840" classname="com.quickmove.qa.testcases.MasterPrefixTest"/>
  <system-out/>
  <testcase name="varifymasterprefix" time="19.873" classname="com.quickmove.qa.testcases.MasterPrefixTest"/>
  <system-out/>
  <testcase name="varifymasterprefix" time="20.521" classname="com.quickmove.qa.testcases.MasterPrefixTest"/>
  <system-out/>
  <testcase name="varifymasterprefix" time="15.358" classname="com.quickmove.qa.testcases.MasterPrefixTest">
    <skipped/>
  </testcase> <!-- varifymasterprefix -->
  <system-out/>
  <testcase name="varifymasterprefix" time="19.561" classname="com.quickmove.qa.testcases.MasterPrefixTest"/>
  <system-out/>
  <testcase name="varifymasterprefix" time="15.659" classname="com.quickmove.qa.testcases.MasterPrefixTest">
    <skipped/>
  </testcase> <!-- varifymasterprefix -->
  <system-out/>
  <testcase name="varifymasterprefix" time="16.093" classname="com.quickmove.qa.testcases.MasterPrefixTest">
    <skipped/>
  </testcase> <!-- varifymasterprefix -->
  <system-out/>
  <testcase name="varifymasterprefix" time="15.283" classname="com.quickmove.qa.testcases.MasterPrefixTest">
    <skipped/>
  </testcase> <!-- varifymasterprefix -->
  <system-out/>
  <testcase name="varifymasterprefix" time="18.537" classname="com.quickmove.qa.testcases.MasterPrefixTest">
    <skipped/>
  </testcase> <!-- varifymasterprefix -->
  <system-out/>
  <testcase name="varifymasterprefix" time="22.043" classname="com.quickmove.qa.testcases.MasterPrefixTest"/>
  <system-out/>
  <testcase name="varifymasterprefix" time="20.581" classname="com.quickmove.qa.testcases.MasterPrefixTest"/>
  <system-out/>
  <testcase name="varifymasterprefix" time="19.650" classname="com.quickmove.qa.testcases.MasterPrefixTest"/>
  <system-out/>
  <testcase name="varifymasterprefix" time="20.687" classname="com.quickmove.qa.testcases.MasterPrefixTest"/>
  <system-out/>
  <testcase name="varifymasterprefix" time="17.807" classname="com.quickmove.qa.testcases.MasterPrefixTest">
    <skipped/>
  </testcase> <!-- varifymasterprefix -->
  <system-out/>
  <testcase name="varifymasterprefix" time="20.397" classname="com.quickmove.qa.testcases.MasterPrefixTest"/>
  <system-out/>
  <testcase name="varifymasterprefix" time="15.565" classname="com.quickmove.qa.testcases.MasterPrefixTest">
    <skipped/>
  </testcase> <!-- varifymasterprefix -->
  <system-out/>
  <testcase name="varifymasterprefix" time="16.186" classname="com.quickmove.qa.testcases.MasterPrefixTest">
    <skipped/>
  </testcase> <!-- varifymasterprefix -->
  <system-out/>
  <testcase name="varifymasterprefix" time="20.470" classname="com.quickmove.qa.testcases.MasterPrefixTest"/>
  <system-out/>
  <testcase name="varifymasterprefix" time="23.024" classname="com.quickmove.qa.testcases.MasterPrefixTest"/>
  <system-out/>
  <testcase name="varifymasterprefix" time="15.621" classname="com.quickmove.qa.testcases.MasterPrefixTest">
    <skipped/>
  </testcase> <!-- varifymasterprefix -->
  <system-out/>
  <testcase name="varifymasterprefix" time="16.405" classname="com.quickmove.qa.testcases.MasterPrefixTest">
    <skipped/>
  </testcase> <!-- varifymasterprefix -->
  <system-out/>
  <testcase name="varifymasterprefix" time="21.706" classname="com.quickmove.qa.testcases.MasterPrefixTest"/>
  <system-out/>
  <testcase name="varifymasterprefix" time="21.795" classname="com.quickmove.qa.testcases.MasterPrefixTest"/>
  <system-out/>
  <testcase name="varifymasterprefix" time="19.481" classname="com.quickmove.qa.testcases.MasterPrefixTest"/>
  <system-out/>
  <testcase name="varifymasterprefix" time="3.621" classname="com.quickmove.qa.testcases.MasterPrefixTest"/>
  <system-out/>
  <testcase name="varifymasterprefix" time="3.801" classname="com.quickmove.qa.testcases.MasterPrefixTest"/>
  <system-out/>
  <testcase name="varifymasterprefix" time="3.850" classname="com.quickmove.qa.testcases.MasterPrefixTest"/>
  <system-out/>
  <testcase name="varifymasterprefix" time="0.000" classname="com.quickmove.qa.testcases.MasterPrefixTest">
    <skipped/>
  </testcase> <!-- varifymasterprefix -->
  <system-out/>
  <testcase name="varifymasterprefix" time="0.000" classname="com.quickmove.qa.testcases.MasterPrefixTest">
    <skipped/>
  </testcase> <!-- varifymasterprefix -->
  <system-out/>
  <testcase name="varifymasterprefix" time="0.000" classname="com.quickmove.qa.testcases.MasterPrefixTest">
    <skipped/>
  </testcase> <!-- varifymasterprefix -->
  <system-out/>
  <testcase name="varifymasterprefix" time="0.000" classname="com.quickmove.qa.testcases.MasterPrefixTest">
    <skipped/>
  </testcase> <!-- varifymasterprefix -->
  <system-out/>
  <testcase name="varifymasterprefix" time="0.000" classname="com.quickmove.qa.testcases.MasterPrefixTest">
    <skipped/>
  </testcase> <!-- varifymasterprefix -->
  <system-out/>
  <testcase name="varifymasterprefix" time="3.570" classname="com.quickmove.qa.testcases.MasterPrefixTest"/>
  <system-out/>
  <testcase name="varifymasterprefix" time="3.239" classname="com.quickmove.qa.testcases.MasterPrefixTest"/>
  <system-out/>
  <testcase name="varifymasterprefix" time="0.001" classname="com.quickmove.qa.testcases.MasterPrefixTest">
    <skipped/>
  </testcase> <!-- varifymasterprefix -->
  <system-out/>
  <testcase name="varifymasterprefix" time="4.150" classname="com.quickmove.qa.testcases.MasterPrefixTest"/>
  <system-out/>
  <testcase name="varifymasterprefix" time="3.236" classname="com.quickmove.qa.testcases.MasterPrefixTest"/>
  <system-out/>
  <testcase name="varifymasterprefix" time="0.000" classname="com.quickmove.qa.testcases.MasterPrefixTest">
    <skipped/>
  </testcase> <!-- varifymasterprefix -->
  <system-out/>
  <testcase name="varifymasterprefix" time="0.000" classname="com.quickmove.qa.testcases.MasterPrefixTest">
    <skipped/>
  </testcase> <!-- varifymasterprefix -->
  <system-out/>
  <testcase name="varifymasterprefix" time="3.986" classname="com.quickmove.qa.testcases.MasterPrefixTest"/>
  <system-out/>
  <testcase name="varifymasterprefix" time="4.079" classname="com.quickmove.qa.testcases.MasterPrefixTest"/>
  <system-out/>
  <testcase name="varifymasterprefix" time="0.000" classname="com.quickmove.qa.testcases.MasterPrefixTest">
    <skipped/>
  </testcase> <!-- varifymasterprefix -->
  <system-out/>
  <testcase name="varifymasterprefix" time="3.879" classname="com.quickmove.qa.testcases.MasterPrefixTest"/>
  <system-out/>
  <testcase name="varifymasterprefix" time="0.000" classname="com.quickmove.qa.testcases.MasterPrefixTest">
    <skipped/>
  </testcase> <!-- varifymasterprefix -->
  <system-out/>
  <testcase name="varifymasterprefix" time="4.695" classname="com.quickmove.qa.testcases.MasterPrefixTest"/>
  <system-out/>
  <testcase name="varifymasterprefix" time="0.000" classname="com.quickmove.qa.testcases.MasterPrefixTest">
    <skipped/>
  </testcase> <!-- varifymasterprefix -->
  <system-out/>
  <testcase name="varifymasterprefix" time="3.349" classname="com.quickmove.qa.testcases.MasterPrefixTest"/>
  <system-out/>
  <testcase name="varifymasterprefix" time="3.947" classname="com.quickmove.qa.testcases.MasterPrefixTest"/>
  <system-out/>
  <testcase name="varifymasterprefix" time="0.000" classname="com.quickmove.qa.testcases.MasterPrefixTest">
    <skipped/>
  </testcase> <!-- varifymasterprefix -->
  <system-out/>
  <testcase name="varifymasterprefix" time="3.326" classname="com.quickmove.qa.testcases.MasterPrefixTest"/>
  <system-out/>
  <testcase name="varifymasterprefix" time="0.000" classname="com.quickmove.qa.testcases.MasterPrefixTest">
    <skipped/>
  </testcase> <!-- varifymasterprefix -->
  <system-out/>
  <testcase name="varifymasterprefix" time="3.347" classname="com.quickmove.qa.testcases.MasterPrefixTest"/>
  <system-out/>
  <testcase name="varifymasterprefix" time="4.139" classname="com.quickmove.qa.testcases.MasterPrefixTest"/>
  <system-out/>
  <testcase name="varifymasterprefix" time="4.296" classname="com.quickmove.qa.testcases.MasterPrefixTest"/>
  <system-out/>
  <testcase name="varifymasterprefix" time="0.000" classname="com.quickmove.qa.testcases.MasterPrefixTest">
    <skipped/>
  </testcase> <!-- varifymasterprefix -->
  <system-out/>
  <testcase name="varifymasterprefix" time="0.000" classname="com.quickmove.qa.testcases.MasterPrefixTest">
    <skipped/>
  </testcase> <!-- varifymasterprefix -->
  <system-out/>
  <testcase name="varifymasterprefix" time="0.000" classname="com.quickmove.qa.testcases.MasterPrefixTest">
    <skipped/>
  </testcase> <!-- varifymasterprefix -->
  <system-out/>
  <testcase name="varifymasterprefix" time="3.343" classname="com.quickmove.qa.testcases.MasterPrefixTest"/>
  <system-out/>
</testsuite> <!-- com.quickmove.qa.testcases.MasterPrefixTest -->
