<?xml version="1.0" encoding="UTF-8"?>
<!-- Generated by org.testng.reporters.JUnitReportReporter -->
<testsuite skipped="0" hostname="DESKTOP-2PTS3ET" name="com.quickmove.qa.testcases.PackingMaterialAdd" tests="5" failures="0" timestamp="2020-07-18T02:55:07 IST" time="31.825" errors="0">
  <testcase name="setup" time="18.075" classname="com.quickmove.qa.testcases.PackingMaterialAdd"/>
  <system-out/>
  <testcase name="validateaddarticle" time="3.333" classname="com.quickmove.qa.testcases.PackingMaterialAdd"/>
  <system-out/>
  <testcase name="validateaddarticle" time="3.775" classname="com.quickmove.qa.testcases.PackingMaterialAdd"/>
  <system-out/>
  <testcase name="validateaddarticle" time="3.683" classname="com.quickmove.qa.testcases.PackingMaterialAdd"/>
  <system-out/>
  <testcase name="validateaddarticle" time="2.959" classname="com.quickmove.qa.testcases.PackingMaterialAdd"/>
  <system-out/>
</testsuite> <!-- com.quickmove.qa.testcases.PackingMaterialAdd -->
