<?xml version="1.0" encoding="UTF-8"?>
<!-- Generated by org.testng.reporters.JUnitReportReporter -->
<testsuite skipped="0" hostname="DESKTOP-T9IN324" name="com.quickmove.qa.testcases.varifyEnquirywithoutsurveyTest" tests="1" failures="0" timestamp="2020-05-14T17:06:50 IST" time="45.913" errors="0">
  <testcase name="createnq" time="45.913" classname="com.quickmove.qa.testcases.varifyEnquirywithoutsurveyTest"/>
  <system-out/>
</testsuite> <!-- com.quickmove.qa.testcases.varifyEnquirywithoutsurveyTest -->
