<?xml version="1.0" encoding="UTF-8"?>
<!-- Generated by org.testng.reporters.JUnitReportReporter -->
<testsuite skipped="0" hostname="DESKTOP-2PTS3ET" name="com.quickmove.qa.testcases.CostingProfileEditest2" tests="2" failures="0" timestamp="2020-07-25T01:49:37 IST" time="19.942" errors="0">
  <testcase name="setup" time="19.205" classname="com.quickmove.qa.testcases.CostingProfileEditest2"/>
  <system-out/>
  <testcase name="EditCostingprofile" time="0.737" classname="com.quickmove.qa.testcases.CostingProfileEditest2"/>
  <system-out/>
</testsuite> <!-- com.quickmove.qa.testcases.CostingProfileEditest2 -->
