<?xml version="1.0" encoding="UTF-8"?>
<!-- Generated by org.testng.reporters.JUnitReportReporter -->
<testsuite skipped="0" hostname="DESKTOP-HTSMLT5" name="com.quickmove.qa.testcases.LoginpageTest" tests="3" failures="0" timestamp="2020-05-04T09:46:00 IST" time="49.654" errors="0">
  <testcase name="loginpagetitletest" time="8.058" classname="com.quickmove.qa.testcases.LoginpageTest"/>
  <testcase name="CRMimageTest" time="23.794" classname="com.quickmove.qa.testcases.LoginpageTest"/>
  <testcase name="LoginTest" time="17.802" classname="com.quickmove.qa.testcases.LoginpageTest"/>
</testsuite> <!-- com.quickmove.qa.testcases.LoginpageTest -->
