<?xml version="1.0" encoding="UTF-8"?>
<!-- Generated by org.testng.reporters.JUnitReportReporter -->
<testsuite skipped="0" hostname="DESKTOP-T9IN324" name="com.quickmove.qa.testcases.HRPageTest" tests="1" failures="0" timestamp="2020-05-28T12:43:25 IST" time="45.571" errors="0">
  <testcase name="AddEmployee" time="45.571" classname="com.quickmove.qa.testcases.HRPageTest"/>
  <system-out/>
</testsuite> <!-- com.quickmove.qa.testcases.HRPageTest -->
