<?xml version="1.0" encoding="UTF-8"?>
<!-- Generated by org.testng.reporters.JUnitReportReporter -->
<testsuite skipped="0" hostname="DESKTOP-HTSMLT5" name="com.quickmove.qa.testcases.varifyEnquirytest" tests="1" failures="0" timestamp="2020-05-09T16:07:43 IST" time="44.534" errors="0">
  <testcase name="createnq" time="44.534" classname="com.quickmove.qa.testcases.varifyEnquirytest"/>
</testsuite> <!-- com.quickmove.qa.testcases.varifyEnquirytest -->
